<?xml version="1.0" encoding="utf-8"?><testsuites name="pytest tests"><testsuite name="pytest" errors="0" failures="0" skipped="0" tests="28" time="3.723" timestamp="2026-08-12T08:00:19.817216+00:00" hostname="agent-env-984e3a94-b47f-4025-b8d7-3a1702fbd1ff"><testcase classname="tests.test_ads_and_sponsor" name="test_sponsor_get_default_shape" time="0.281" /><testcase classname="tests.test_eyeguard_api" name="test_root" time="0.276" /><testcase classname="tests.test_eyeguard_api" name="test_get_settings_defaults" time="0.043" /><testcase classname="tests.test_ads_and_sponsor" name="test_sponsor_put_requires_admin_code" time="0.091" /><testcase classname="tests.test_eyeguard_api" name="test_put_settings_threshold_and_persist" time="0.127" /><testcase classname="tests.test_ads_and_sponsor" name="test_sponsor_put_and_persist" time="0.129" /><testcase classname="tests.test_eyeguard_api" name="test_put_settings_partial_preserves_others" time="0.175" /><testcase classname="tests.test_ads_and_sponsor" name="test_sponsor_put_partial_update" time="0.170" /><testcase classname="tests.test_eyeguard_api" name="test_pin_set_and_verify" time="0.249" /><testcase classname="tests.test_ads_and_sponsor" name="test_impression_click_increments_and_stats" time="0.408" /><testcase classname="tests.test_eyeguard_api" name="test_pin_verify_no_pin_set" time="0.123" /><testcase classname="tests.test_eyeguard_api" name="test_stats_today_default" time="0.044" /><testcase classname="tests.test_eyeguard_api" name="test_stats_event_increments" time="0.125" /><testcase classname="tests.test_ads_and_sponsor" name="test_stats_forbidden_without_code" time="0.042" /><testcase classname="tests.test_ads_and_sponsor" name="test_stats_math_formula" time="0.085" /><testcase classname="tests.test_eyeguard_api" name="test_stats_week" time="0.042" /><testcase classname="tests.test_eyeguard_api" name="test_stats_streak" time="0.081" /><testcase classname="tests.test_eyeguard_api" name="test_pro_packages" time="0.041" /><testcase classname="tests.test_eyeguard_api" name="test_admin_verify_correct_and_incorrect" time="0.123" /><testcase classname="tests.test_eyeguard_api" name="test_admin_config_wrong_code_forbidden" time="0.040" /><testcase classname="tests.test_eyeguard_api" name="test_admin_config_correct_code" time="0.049" /><testcase classname="tests.test_eyeguard_api" name="test_paid_mode_toggle_wrong_code" time="0.042" /><testcase classname="tests.test_eyeguard_api" name="test_pro_status_paid_mode_off_is_pro_true" time="0.127" /><testcase classname="tests.test_eyeguard_api" name="test_pro_status_paid_mode_on_no_pass_is_pro_false" time="0.208" /><testcase classname="tests.test_eyeguard_api" name="test_checkout_create_ignores_client_amount" time="0.631" /><testcase classname="tests.test_eyeguard_api" name="test_checkout_create_unknown_package" time="0.042" /><testcase classname="tests.test_eyeguard_api" name="test_checkout_status_unknown_session_404" time="0.045" /><testcase classname="tests.test_eyeguard_api" name="test_checkout_status_created_session" time="0.758" /></testsuite></testsuites>